<?xml version="1.0" encoding="UTF-8"?>
<!-- Generated by org.testng.reporters.JUnitReportReporter -->
<testsuite hostname="DESKTOP-O817363" failures="0" tests="1" name="com.actitime.TestScripts.CustomerModule" time="0.026" errors="0" timestamp="2024-01-02T19:30:25 IST" skipped="0">
  <testcase classname="com.actitime.TestScripts.CustomerModule" name="creatcustomer" time="0.026">
    <system-out>
      <![CDATA[creatCustomer]]>
    </system-out>
  </testcase> <!-- creatcustomer -->
  <system-out>
    <![CDATA[creatCustomer]]>
  </system-out>
</testsuite> <!-- com.actitime.TestScripts.CustomerModule -->
